<?xml version="1.0" encoding="UTF-8"?>
<!-- Generated by org.testng.reporters.JUnitReportReporter -->
<testsuite hostname="LAPTOP-5MCE8DVK" name="herojuapp.Userid1_Code200" tests="2" failures="0" timestamp="19 Jul 2020 02:30:48 GMT" time="0.018" errors="0">
  <testcase name="statusCodeuserid1" time="0.007" classname="herojuapp.Userid1_Code200"/>
  <testcase name="userid1data" time="0.011" classname="herojuapp.Userid1_Code200"/>
</testsuite> <!-- herojuapp.Userid1_Code200 -->
