<?xml version="1.0" encoding="UTF-8"?>
<!-- Generated by org.testng.reporters.JUnitReportReporter -->
<testsuite hostname="LAPTOP-5MCE8DVK" name="herojuapp.Users" tests="2" failures="0" timestamp="19 Jul 2020 02:31:34 GMT" time="0.048" errors="0">
  <testcase name="statusCodeusers" time="0.008" classname="herojuapp.Users"/>
  <testcase name="usersdata" time="0.040" classname="herojuapp.Users"/>
</testsuite> <!-- herojuapp.Users -->
