<?xml version="1.0" encoding="UTF-8"?>
<!-- Generated by org.testng.reporters.JUnitReportReporter -->
<testsuite hostname="LAPTOP-5MCE8DVK" name="herokuapp.Userid1_Code200" tests="2" failures="0" timestamp="19 Jul 2020 21:08:45 GMT" time="0.019" errors="0">
  <testcase name="statusCodeuserid1" time="0.008" classname="herokuapp.Userid1_Code200"/>
  <testcase name="userid1data" time="0.011" classname="herokuapp.Userid1_Code200"/>
</testsuite> <!-- herokuapp.Userid1_Code200 -->
