<?xml version="1.0" encoding="UTF-8"?>
<!-- Generated by org.testng.reporters.JUnitReportReporter -->
<testsuite hostname="LAPTOP-5MCE8DVK" name="herokuapp.London_Users" tests="2" failures="0" timestamp="19 Jul 2020 19:19:06 GMT" time="0.024" errors="0">
  <testcase name="statusCodeLondonUsers" time="0.004" classname="herokuapp.London_Users"/>
  <testcase name="londonUsersdata" time="0.020" classname="herokuapp.London_Users"/>
</testsuite> <!-- herokuapp.London_Users -->
