<?xml version="1.0" encoding="UTF-8"?>
<!-- Generated by org.testng.reporters.JUnitReportReporter -->
<testsuite hostname="LAPTOP-5MCE8DVK" name="herojuapp.London_Users" tests="2" failures="0" timestamp="19 Jul 2020 02:30:21 GMT" time="0.016" errors="0">
  <testcase name="statusCodeLondonUsers" time="0.000" classname="herojuapp.London_Users"/>
  <testcase name="londonUsersdata" time="0.016" classname="herojuapp.London_Users"/>
</testsuite> <!-- herojuapp.London_Users -->
