<?xml version="1.0" encoding="UTF-8"?>
<!-- Generated by org.testng.reporters.JUnitReportReporter -->
<testsuite hostname="LAPTOP-5MCE8DVK" name="herojuapp.Instructions" tests="2" failures="0" timestamp="19 Jul 2020 02:32:52 GMT" time="0.019" errors="0">
  <testcase name="statusCodeInstructions" time="0.002" classname="herojuapp.Instructions"/>
  <testcase name="Instructionsdata" time="0.017" classname="herojuapp.Instructions"/>
</testsuite> <!-- herojuapp.Instructions -->
