<?xml version="1.0" encoding="UTF-8"?>
<!-- Generated by org.testng.reporters.JUnitReportReporter -->
<testsuite hostname="LAPTOP-5MCE8DVK" name="Users.All_Users" tests="2" failures="0" timestamp="19 Jul 2020 01:42:30 GMT" time="0.042" errors="0">
  <testcase name="statusCodeusers" time="0.003" classname="Users.All_Users"/>
  <testcase name="Usersdata" time="0.039" classname="Users.All_Users"/>
</testsuite> <!-- Users.All_Users -->
