<?xml version="1.0" encoding="UTF-8"?>
<!-- Generated by org.testng.reporters.JUnitReportReporter -->
<testsuite hostname="LAPTOP-5MCE8DVK" name="herokuapp.Userid1_Code200" tests="2" failures="0" timestamp="19 Jul 2020 19:52:25 GMT" time="0.031" errors="0">
  <testcase name="statusCodeuserid1" time="0.013" classname="herokuapp.Userid1_Code200"/>
  <testcase name="userid1data" time="0.018" classname="herokuapp.Userid1_Code200"/>
</testsuite> <!-- herokuapp.Userid1_Code200 -->
