<?xml version="1.0" encoding="UTF-8"?>
<!-- Generated by org.testng.reporters.JUnitReportReporter -->
<testsuite hostname="LAPTOP-5MCE8DVK" name="herojuapp.NewYork_Nousers" tests="2" failures="0" timestamp="19 Jul 2020 02:30:34 GMT" time="0.018" errors="0">
  <testcase name="statusCodeNewyorkUsers" time="0.002" classname="herojuapp.NewYork_Nousers"/>
  <testcase name="newyorkUsersdata" time="0.016" classname="herojuapp.NewYork_Nousers"/>
</testsuite> <!-- herojuapp.NewYork_Nousers -->
