<?xml version="1.0" encoding="UTF-8"?>
<!-- Generated by org.testng.reporters.JUnitReportReporter -->
<testsuite hostname="LAPTOP-5MCE8DVK" name="herokuapp.NewYork_Nousers" tests="2" failures="0" timestamp="19 Jul 2020 19:19:32 GMT" time="0.025" errors="0">
  <testcase name="statusCodeNewyorkUsers" time="0.003" classname="herokuapp.NewYork_Nousers"/>
  <testcase name="newyorkUsersdata" time="0.022" classname="herokuapp.NewYork_Nousers"/>
</testsuite> <!-- herokuapp.NewYork_Nousers -->
