<?xml version="1.0" encoding="UTF-8"?>
<!-- Generated by org.testng.reporters.JUnitReportReporter -->
<testsuite hostname="LAPTOP-5MCE8DVK" name="herokuapp.Users" tests="2" failures="0" timestamp="19 Jul 2020 19:12:26 GMT" time="0.204" errors="0">
  <testcase name="statusCodeusers" time="0.012" classname="herokuapp.Users"/>
  <testcase name="usersdata" time="0.192" classname="herokuapp.Users"/>
</testsuite> <!-- herokuapp.Users -->
